# JRE version: 7.0_25-b15
# Java VM: Java HotSpot(TM) 64-Bit Server VM (23.25-b01 mixed mode linux-amd64 compressed oops)
Heap
 PSYoungGen      total 1235072K, used 55956K [0x00000007accb0000, 0x00000007f83c0000, 0x0000000800000000)
  eden space 1234240K, 4% used [0x00000007accb0000,0x00000007b0355280,0x00000007f8200000)
  from space 832K, 0% used [0x00000007f8200000,0x00000007f8200000,0x00000007f82d0000)
  to   space 768K, 0% used [0x00000007f8300000,0x00000007f8300000,0x00000007f83c0000)
 ParOldGen       total 170432K, used 56044K [0x0000000706600000, 0x0000000710c70000, 0x00000007accb0000)
  object space 170432K, 32% used [0x0000000706600000,0x0000000709cbb230,0x0000000710c70000)
 PSPermGen       total 54144K, used 54121K [0x0000000701400000, 0x00000007048e0000, 0x0000000706600000)
  object space 54144K, 99% used [0x0000000701400000,0x00000007048da5e8,0x00000007048e0000)
GC Heap History (10 events):
Event: 502577.187 GC heap before
{Heap before GC invocations=16731 (full 8360):
 PSYoungGen      total 1234752K, used 416K [0x00000007accb0000, 0x00000007f8360000, 0x0000000800000000)
  eden space 1234240K, 0% used [0x00000007accb0000,0x00000007accb0000,0x00000007f8200000)
  from space 512K, 81% used [0x00000007f8200000,0x00000007f8268000,0x00000007f8280000)
  to   space 576K, 0% used [0x00000007f82d0000,0x00000007f82d0000,0x00000007f8360000)
 ParOldGen       total 170432K, used 56431K [0x0000000706600000, 0x0000000710c70000, 0x00000007accb0000)
  object space 170432K, 33% used [0x0000000706600000,0x0000000709d1bc20,0x0000000710c70000)
 PSPermGen       total 52864K, used 52849K [0x0000000701400000, 0x00000007047a0000, 0x0000000706600000)
  object space 52864K, 99% used [0x0000000701400000,0x000000070479c698,0x00000007047a0000)
Event: 502577.278 GC heap after
Heap after GC invocations=16731 (full 8360):
 PSYoungGen      total 1234752K, used 0K [0x00000007accb0000, 0x00000007f8360000, 0x0000000800000000)
  eden space 1234240K, 0% used [0x00000007accb0000,0x00000007accb0000,0x00000007f8200000)
  from space 512K, 0% used [0x00000007f8200000,0x00000007f8200000,0x00000007f8280000)
  to   space 576K, 0% used [0x00000007f82d0000,0x00000007f82d0000,0x00000007f8360000)
 ParOldGen       total 170432K, used 55917K [0x0000000706600000, 0x0000000710c70000, 0x00000007accb0000)
  object space 170432K, 32% used [0x0000000706600000,0x0000000709c9b470,0x0000000710c70000)
 PSPermGen       total 52864K, used 52849K [0x0000000701400000, 0x00000007047a0000, 0x0000000706600000)
  object space 52864K, 99% used [0x0000000701400000,0x000000070479c698,0x00000007047a0000)
}
Event: 502637.184 GC heap before
{Heap before GC invocations=16732 (full 8360):
 PSYoungGen      total 1234752K, used 123714K [0x00000007accb0000, 0x00000007f8360000, 0x0000000800000000)
  eden space 1234240K, 10% used [0x00000007accb0000,0x00000007b4580ac0,0x00000007f8200000)
  from space 512K, 0% used [0x00000007f8200000,0x00000007f8200000,0x00000007f8280000)
  to   space 576K, 0% used [0x00000007f82d0000,0x00000007f82d0000,0x00000007f8360000)
 ParOldGen       total 170432K, used 55917K [0x0000000706600000, 0x0000000710c70000, 0x00000007accb0000)
  object space 170432K, 32% used [0x0000000706600000,0x0000000709c9b470,0x0000000710c70000)
 PSPermGen       total 52864K, used 52849K [0x0000000701400000, 0x00000007047a0000, 0x0000000706600000)
  object space 52864K, 99% used [0x0000000701400000,0x000000070479c698,0x00000007047a0000)
Event: 502637.190 GC heap after
Heap after GC invocations=16732 (full 8360):
 PSYoungGen      total 1234816K, used 556K [0x00000007accb0000, 0x00000007f83e0000, 0x0000000800000000)
  eden space 1234240K, 0% used [0x00000007accb0000,0x00000007accb0000,0x00000007f8200000)
  from space 576K, 96% used [0x00000007f82d0000,0x00000007f835b0e0,0x00000007f8360000)
  to   space 832K, 0% used [0x00000007f8200000,0x00000007f8200000,0x00000007f82d0000)
 ParOldGen       total 170432K, used 56312K [0x0000000706600000, 0x0000000710c70000, 0x00000007accb0000)
  object space 170432K, 33% used [0x0000000706600000,0x0000000709cfe080,0x0000000710c70000)
 PSPermGen       total 52864K, used 52849K [0x0000000701400000, 0x00000007047a0000, 0x0000000706600000)
  object space 52864K, 99% used [0x0000000701400000,0x000000070479c698,0x00000007047a0000)
}
Event: 502637.190 GC heap before
{Heap before GC invocations=16733 (full 8361):
 PSYoungGen      total 1234816K, used 556K [0x00000007accb0000, 0x00000007f83e0000, 0x0000000800000000)
  eden space 1234240K, 0% used [0x00000007accb0000,0x00000007accb0000,0x00000007f8200000)
  from space 576K, 96% used [0x00000007f82d0000,0x00000007f835b0e0,0x00000007f8360000)
  to   space 832K, 0% used [0x00000007f8200000,0x00000007f8200000,0x00000007f82d0000)
 ParOldGen       total 170432K, used 56312K [0x0000000706600000, 0x0000000710c70000, 0x00000007accb0000)
  object space 170432K, 33% used [0x0000000706600000,0x0000000709cfe080,0x0000000710c70000)
 PSPermGen       total 52864K, used 52849K [0x0000000701400000, 0x00000007047a0000, 0x0000000706600000)
  object space 52864K, 99% used [0x0000000701400000,0x000000070479c698,0x00000007047a0000)
Event: 502637.284 GC heap after
Heap after GC invocations=16733 (full 8361):
 PSYoungGen      total 1234816K, used 0K [0x00000007accb0000, 0x00000007f83e0000, 0x0000000800000000)
  eden space 1234240K, 0% used [0x00000007accb0000,0x00000007accb0000,0x00000007f8200000)
  from space 576K, 0% used [0x00000007f82d0000,0x00000007f82d0000,0x00000007f8360000)
  to   space 832K, 0% used [0x00000007f8200000,0x00000007f8200000,0x00000007f82d0000)
 ParOldGen       total 170432K, used 55969K [0x0000000706600000, 0x0000000710c70000, 0x00000007accb0000)
  object space 170432K, 32% used [0x0000000706600000,0x0000000709ca86b8,0x0000000710c70000)
 PSPermGen       total 52864K, used 52849K [0x0000000701400000, 0x00000007047a0000, 0x0000000706600000)
  object space 52864K, 99% used [0x0000000701400000,0x000000070479c698,0x00000007047a0000)
}
Event: 502698.168 GC heap before
{Heap before GC invocations=16734 (full 8361):
 PSYoungGen      total 1234816K, used 37555K [0x00000007accb0000, 0x00000007f83e0000, 0x0000000800000000)
  eden space 1234240K, 3% used [0x00000007accb0000,0x00000007af15cd20,0x00000007f8200000)
  from space 576K, 0% used [0x00000007f82d0000,0x00000007f82d0000,0x00000007f8360000)
  to   space 832K, 0% used [0x00000007f8200000,0x00000007f8200000,0x00000007f82d0000)
 ParOldGen       total 170432K, used 55969K [0x0000000706600000, 0x0000000710c70000, 0x00000007accb0000)
  object space 170432K, 32% used [0x0000000706600000,0x0000000709ca86b8,0x0000000710c70000)
 PSPermGen       total 53056K, used 52951K [0x0000000701400000, 0x00000007047d0000, 0x0000000706600000)
  object space 53056K, 99% used [0x0000000701400000,0x00000007047b5c50,0x00000007047d0000)
Event: 502698.170 GC heap after
Heap after GC invocations=16734 (full 8361):
 PSYoungGen      total 1235072K, used 256K [0x00000007accb0000, 0x00000007f83c0000, 0x0000000800000000)
  eden space 1234240K, 0% used [0x00000007accb0000,0x00000007accb0000,0x00000007f8200000)
  from space 832K, 30% used [0x00000007f8200000,0x00000007f8240000,0x00000007f82d0000)
  to   space 768K, 0% used [0x00000007f8300000,0x00000007f8300000,0x00000007f83c0000)
 ParOldGen       total 170432K, used 55969K [0x0000000706600000, 0x0000000710c70000, 0x00000007accb0000)
  object space 170432K, 32% used [0x0000000706600000,0x0000000709ca86b8,0x0000000710c70000)
 PSPermGen       total 53056K, used 52951K [0x0000000701400000, 0x00000007047d0000, 0x0000000706600000)
  object space 53056K, 99% used [0x0000000701400000,0x00000007047b5c50,0x00000007047d0000)
}
Event: 502698.170 GC heap before
{Heap before GC invocations=16735 (full 8362):
 PSYoungGen      total 1235072K, used 256K [0x00000007accb0000, 0x00000007f83c0000, 0x0000000800000000)
  eden space 1234240K, 0% used [0x00000007accb0000,0x00000007accb0000,0x00000007f8200000)
  from space 832K, 30% used [0x00000007f8200000,0x00000007f8240000,0x00000007f82d0000)
  to   space 768K, 0% used [0x00000007f8300000,0x00000007f8300000,0x00000007f83c0000)
 ParOldGen       total 170432K, used 55969K [0x0000000706600000, 0x0000000710c70000, 0x00000007accb0000)
  object space 170432K, 32% used [0x0000000706600000,0x0000000709ca86b8,0x0000000710c70000)
 PSPermGen       total 53056K, used 52951K [0x0000000701400000, 0x00000007047d0000, 0x0000000706600000)
  object space 53056K, 99% used [0x0000000701400000,0x00000007047b5c50,0x00000007047d0000)
Event: 502698.315 GC heap after
Heap after GC invocations=16735 (full 8362):
 PSYoungGen      total 1235072K, used 0K [0x00000007accb0000, 0x00000007f83c0000, 0x0000000800000000)
  eden space 1234240K, 0% used [0x00000007accb0000,0x00000007accb0000,0x00000007f8200000)
  from space 832K, 0% used [0x00000007f8200000,0x00000007f8200000,0x00000007f82d0000)
  to   space 768K, 0% used [0x00000007f8300000,0x00000007f8300000,0x00000007f83c0000)
 ParOldGen       total 170432K, used 56044K [0x0000000706600000, 0x0000000710c70000, 0x00000007accb0000)
  object space 170432K, 32% used [0x0000000706600000,0x0000000709cbb230,0x0000000710c70000)
 PSPermGen       total 53568K, used 52950K [0x0000000701400000, 0x0000000704850000, 0x0000000706600000)
  object space 53568K, 98% used [0x0000000701400000,0x00000007047b5bf0,0x0000000704850000)
}

